<?xml version="1.0" encoding="UTF-8"?>
<testng-results skipped="0" failed="0" ignored="0" total="1" passed="1">
  <reporter-output>
    <line>
      <![CDATA[hello ! Good morning]]>
    </line>
  </reporter-output>
  <suite name="Suite" duration-ms="49" started-at="2019-04-01T16:03:30Z" finished-at="2019-04-01T16:03:30Z">
    <groups>
    </groups>
    <test name="Test" duration-ms="49" started-at="2019-04-01T16:03:30Z" finished-at="2019-04-01T16:03:30Z">
      <class name="testng.PrintMessages">
        <test-method status="PASS" signature="print()[pri:0, instance:testng.PrintMessages@880ec60]" name="print" duration-ms="16" started-at="2019-04-01T16:03:30Z" finished-at="2019-04-01T16:03:30Z">
          <reporter-output>
            <line>
              <![CDATA[hello ! Good morning]]>
            </line>
          </reporter-output>
        </test-method> <!-- print -->
      </class> <!-- testng.PrintMessages -->
    </test> <!-- Test -->
  </suite> <!-- Suite -->
</testng-results>
