<?xml version="1.0" encoding="UTF-8"?>
<!-- Generated by org.testng.reporters.JUnitXMLReporter -->
<testsuite hostname="Shiv" ignored="0" name="Test" tests="1" failures="1" timestamp="01 Apr 2019 15:29:27 GMT" time="0.016" errors="0">
  <testcase name="print" time="0.0" classname="testng.PrintMessages">
    <failure type="java.lang.AssertionError" message="null">
      <![CDATA[java.lang.AssertionError: null
at testng.PrintMessages.print(PrintMessages.java:14)
... Removed 26 stack frames]]>
    </failure>
  </testcase> <!-- print -->
</testsuite> <!-- Test -->
